<?xml version="1.0" encoding="UTF-8"?>
<!-- Generated by org.testng.reporters.JUnitReportReporter -->
<testsuite hostname="DESKTOP-EUKUS70" failures="0" tests="1" name="com.example.part3_4.tests.part3.javascript.JavaScriptTest" time="8.185" errors="0" timestamp="2025-09-21T10:33:30 WEST" skipped="0">
  <testcase classname="com.example.part3_4.tests.part3.javascript.JavaScriptTest" name="testScrollingToElement" time="8.185"/>
</testsuite> <!-- com.example.part3_4.tests.part3.javascript.JavaScriptTest -->
