<?xml version="1.0" encoding="UTF-8"?>
<!-- Generated by org.testng.reporters.JUnitReportReporter -->
<testsuite hostname="DESKTOP-EUKUS70" failures="0" tests="1" name="com.example.part2.tests.login.loginTest" time="0.370" errors="0" timestamp="2025-09-21T10:33:30 WEST" skipped="0">
  <testcase classname="com.example.part2.tests.login.loginTest" name="testLoginErrorMessage" time="0.370"/>
</testsuite> <!-- com.example.part2.tests.login.loginTest -->
